<?xml version="1.0" encoding="UTF-8"?>
<testsuite name="com.bridgelabz.userloginregistration.UserRegistrationTest" tests="10" skipped="0" failures="0" errors="0" timestamp="2020-09-23T06:46:54" hostname="EEE1407203" time="0.023">
  <properties/>
  <testcase name="givenMobileNumber_WhenProper_ShouldReturnTrue" classname="com.bridgelabz.userloginregistration.UserRegistrationTest" time="0.012"/>
  <testcase name="givenFirstName_WhenProper_ShouldReturnTrue" classname="com.bridgelabz.userloginregistration.UserRegistrationTest" time="0.0"/>
  <testcase name="givenLastName_WhenShort_ShouldReturnFalse" classname="com.bridgelabz.userloginregistration.UserRegistrationTest" time="0.0"/>
  <testcase name="givenPassword_WhenShort_ShouldReturnFalse" classname="com.bridgelabz.userloginregistration.UserRegistrationTest" time="0.001"/>
  <testcase name="givenLastName_WhenProper_ShouldReturnTrue" classname="com.bridgelabz.userloginregistration.UserRegistrationTest" time="0.0"/>
  <testcase name="givenPassword_WhenProper_ShouldReturnTrue" classname="com.bridgelabz.userloginregistration.UserRegistrationTest" time="0.001"/>
  <testcase name="givenEmail_WhenShort_ShouldReturnFalse" classname="com.bridgelabz.userloginregistration.UserRegistrationTest" time="0.001"/>
  <testcase name="givenMobileNumber_WhenShort_ShouldReturnFalse" classname="com.bridgelabz.userloginregistration.UserRegistrationTest" time="0.0"/>
  <testcase name="givenFirstName_WhenShort_ShouldReturnFalse" classname="com.bridgelabz.userloginregistration.UserRegistrationTest" time="0.0"/>
  <testcase name="givenEmail_WhenProper_ShouldReturnTrue" classname="com.bridgelabz.userloginregistration.UserRegistrationTest" time="0.001"/>
  <system-out><![CDATA[]]></system-out>
  <system-err><![CDATA[]]></system-err>
</testsuite>
